<?xml version="1.0" encoding="UTF-8"?>
<testsuites name="jest tests" tests="15" failures="11" time="5.523">
  <testsuite name="CandidateTextInput" errors="0" failures="3" skipped="0" timestamp="2021-09-13T16:57:18" time="2.73" tests="3">
    <testcase classname="CandidateTextInput" name="does not render additional views when there are no errors" time="0.017">
      <failure>TypeError: Cannot read property &apos;current&apos; of undefined
    at warnIfNotScopedWithMatchingAct (/Users/klaz/Documents/programs/symmetrical-octo-barnacle/node_modules/react-test-renderer/cjs/react-test-renderer.development.js:13713:31)
    at updateContainer (/Users/klaz/Documents/programs/symmetrical-octo-barnacle/node_modules/react-test-renderer/cjs/react-test-renderer.development.js:14706:7)
    at Object.create (/Users/klaz/Documents/programs/symmetrical-octo-barnacle/node_modules/react-test-renderer/cjs/react-test-renderer.development.js:15455:5)
    at _callee$ (/Users/klaz/Documents/programs/symmetrical-octo-barnacle/__tests__/CandidateTextInput.spec.js:10:39)
    at tryCatch (/Users/klaz/Documents/programs/symmetrical-octo-barnacle/node_modules/@babel/runtime/node_modules/regenerator-runtime/runtime.js:63:40)
    at Generator.invoke [as _invoke] (/Users/klaz/Documents/programs/symmetrical-octo-barnacle/node_modules/@babel/runtime/node_modules/regenerator-runtime/runtime.js:294:22)
    at Generator.next (/Users/klaz/Documents/programs/symmetrical-octo-barnacle/node_modules/@babel/runtime/node_modules/regenerator-runtime/runtime.js:119:21)
    at tryCatch (/Users/klaz/Documents/programs/symmetrical-octo-barnacle/node_modules/@babel/runtime/node_modules/regenerator-runtime/runtime.js:63:40)
    at invoke (/Users/klaz/Documents/programs/symmetrical-octo-barnacle/node_modules/@babel/runtime/node_modules/regenerator-runtime/runtime.js:155:20)
    at /Users/klaz/Documents/programs/symmetrical-octo-barnacle/node_modules/@babel/runtime/node_modules/regenerator-runtime/runtime.js:190:11</failure>
    </testcase>
    <testcase classname="CandidateTextInput" name="render list of errors when errors are present" time="0.001">
      <failure>TypeError: Cannot read property &apos;current&apos; of undefined
    at warnIfNotScopedWithMatchingAct (/Users/klaz/Documents/programs/symmetrical-octo-barnacle/node_modules/react-test-renderer/cjs/react-test-renderer.development.js:13713:31)
    at updateContainer (/Users/klaz/Documents/programs/symmetrical-octo-barnacle/node_modules/react-test-renderer/cjs/react-test-renderer.development.js:14706:7)
    at Object.create (/Users/klaz/Documents/programs/symmetrical-octo-barnacle/node_modules/react-test-renderer/cjs/react-test-renderer.development.js:15455:5)
    at _callee2$ (/Users/klaz/Documents/programs/symmetrical-octo-barnacle/__tests__/CandidateTextInput.spec.js:25:39)
    at tryCatch (/Users/klaz/Documents/programs/symmetrical-octo-barnacle/node_modules/@babel/runtime/node_modules/regenerator-runtime/runtime.js:63:40)
    at Generator.invoke [as _invoke] (/Users/klaz/Documents/programs/symmetrical-octo-barnacle/node_modules/@babel/runtime/node_modules/regenerator-runtime/runtime.js:294:22)
    at Generator.next (/Users/klaz/Documents/programs/symmetrical-octo-barnacle/node_modules/@babel/runtime/node_modules/regenerator-runtime/runtime.js:119:21)
    at tryCatch (/Users/klaz/Documents/programs/symmetrical-octo-barnacle/node_modules/@babel/runtime/node_modules/regenerator-runtime/runtime.js:63:40)
    at invoke (/Users/klaz/Documents/programs/symmetrical-octo-barnacle/node_modules/@babel/runtime/node_modules/regenerator-runtime/runtime.js:155:20)
    at /Users/klaz/Documents/programs/symmetrical-octo-barnacle/node_modules/@babel/runtime/node_modules/regenerator-runtime/runtime.js:190:11</failure>
    </testcase>
    <testcase classname="CandidateTextInput" name="rendered errors have unique keys" time="0">
      <failure>TypeError: Cannot read property &apos;current&apos; of undefined
    at warnIfNotScopedWithMatchingAct (/Users/klaz/Documents/programs/symmetrical-octo-barnacle/node_modules/react-test-renderer/cjs/react-test-renderer.development.js:13713:31)
    at updateContainer (/Users/klaz/Documents/programs/symmetrical-octo-barnacle/node_modules/react-test-renderer/cjs/react-test-renderer.development.js:14706:7)
    at Object.create (/Users/klaz/Documents/programs/symmetrical-octo-barnacle/node_modules/react-test-renderer/cjs/react-test-renderer.development.js:15455:5)
    at _callee3$ (/Users/klaz/Documents/programs/symmetrical-octo-barnacle/__tests__/CandidateTextInput.spec.js:39:39)
    at tryCatch (/Users/klaz/Documents/programs/symmetrical-octo-barnacle/node_modules/@babel/runtime/node_modules/regenerator-runtime/runtime.js:63:40)
    at Generator.invoke [as _invoke] (/Users/klaz/Documents/programs/symmetrical-octo-barnacle/node_modules/@babel/runtime/node_modules/regenerator-runtime/runtime.js:294:22)
    at Generator.next (/Users/klaz/Documents/programs/symmetrical-octo-barnacle/node_modules/@babel/runtime/node_modules/regenerator-runtime/runtime.js:119:21)
    at tryCatch (/Users/klaz/Documents/programs/symmetrical-octo-barnacle/node_modules/@babel/runtime/node_modules/regenerator-runtime/runtime.js:63:40)
    at invoke (/Users/klaz/Documents/programs/symmetrical-octo-barnacle/node_modules/@babel/runtime/node_modules/regenerator-runtime/runtime.js:155:20)
    at /Users/klaz/Documents/programs/symmetrical-octo-barnacle/node_modules/@babel/runtime/node_modules/regenerator-runtime/runtime.js:190:11</failure>
    </testcase>
  </testsuite>
  <testsuite name="withFetching HOC" errors="0" failures="3" skipped="0" timestamp="2021-09-13T16:57:21" time="0.404" tests="3">
    <testcase classname="withFetching HOC" name="renders loading component while data is loading" time="0.006">
      <failure>TypeError: Cannot read property &apos;current&apos; of undefined
    at warnIfNotScopedWithMatchingAct (/Users/klaz/Documents/programs/symmetrical-octo-barnacle/node_modules/react-test-renderer/cjs/react-test-renderer.development.js:13713:31)
    at updateContainer (/Users/klaz/Documents/programs/symmetrical-octo-barnacle/node_modules/react-test-renderer/cjs/react-test-renderer.development.js:14706:7)
    at Object.create (/Users/klaz/Documents/programs/symmetrical-octo-barnacle/node_modules/react-test-renderer/cjs/react-test-renderer.development.js:15455:5)
    at _callee$ (/Users/klaz/Documents/programs/symmetrical-octo-barnacle/__tests__/withFetching.spec.js:19:39)
    at tryCatch (/Users/klaz/Documents/programs/symmetrical-octo-barnacle/node_modules/@babel/runtime/node_modules/regenerator-runtime/runtime.js:63:40)
    at Generator.invoke [as _invoke] (/Users/klaz/Documents/programs/symmetrical-octo-barnacle/node_modules/@babel/runtime/node_modules/regenerator-runtime/runtime.js:294:22)
    at Generator.next (/Users/klaz/Documents/programs/symmetrical-octo-barnacle/node_modules/@babel/runtime/node_modules/regenerator-runtime/runtime.js:119:21)
    at tryCatch (/Users/klaz/Documents/programs/symmetrical-octo-barnacle/node_modules/@babel/runtime/node_modules/regenerator-runtime/runtime.js:63:40)
    at invoke (/Users/klaz/Documents/programs/symmetrical-octo-barnacle/node_modules/@babel/runtime/node_modules/regenerator-runtime/runtime.js:155:20)
    at /Users/klaz/Documents/programs/symmetrical-octo-barnacle/node_modules/@babel/runtime/node_modules/regenerator-runtime/runtime.js:190:11</failure>
    </testcase>
    <testcase classname="withFetching HOC" name="renders main component with loaded data after data is loaded" time="0.001">
      <failure>TypeError: Cannot read property &apos;current&apos; of undefined
    at warnIfNotScopedWithMatchingAct (/Users/klaz/Documents/programs/symmetrical-octo-barnacle/node_modules/react-test-renderer/cjs/react-test-renderer.development.js:13713:31)
    at updateContainer (/Users/klaz/Documents/programs/symmetrical-octo-barnacle/node_modules/react-test-renderer/cjs/react-test-renderer.development.js:14706:7)
    at Object.create (/Users/klaz/Documents/programs/symmetrical-octo-barnacle/node_modules/react-test-renderer/cjs/react-test-renderer.development.js:15455:5)
    at _callee2$ (/Users/klaz/Documents/programs/symmetrical-octo-barnacle/__tests__/withFetching.spec.js:35:39)
    at tryCatch (/Users/klaz/Documents/programs/symmetrical-octo-barnacle/node_modules/@babel/runtime/node_modules/regenerator-runtime/runtime.js:63:40)
    at Generator.invoke [as _invoke] (/Users/klaz/Documents/programs/symmetrical-octo-barnacle/node_modules/@babel/runtime/node_modules/regenerator-runtime/runtime.js:294:22)
    at Generator.next (/Users/klaz/Documents/programs/symmetrical-octo-barnacle/node_modules/@babel/runtime/node_modules/regenerator-runtime/runtime.js:119:21)
    at tryCatch (/Users/klaz/Documents/programs/symmetrical-octo-barnacle/node_modules/@babel/runtime/node_modules/regenerator-runtime/runtime.js:63:40)
    at invoke (/Users/klaz/Documents/programs/symmetrical-octo-barnacle/node_modules/@babel/runtime/node_modules/regenerator-runtime/runtime.js:155:20)
    at /Users/klaz/Documents/programs/symmetrical-octo-barnacle/node_modules/@babel/runtime/node_modules/regenerator-runtime/runtime.js:190:11</failure>
    </testcase>
    <testcase classname="withFetching HOC" name="passes reload prop to allow a child to load the data again" time="0.001">
      <failure>TypeError: Cannot read property &apos;current&apos; of undefined
    at warnIfNotScopedWithMatchingAct (/Users/klaz/Documents/programs/symmetrical-octo-barnacle/node_modules/react-test-renderer/cjs/react-test-renderer.development.js:13713:31)
    at updateContainer (/Users/klaz/Documents/programs/symmetrical-octo-barnacle/node_modules/react-test-renderer/cjs/react-test-renderer.development.js:14706:7)
    at Object.create (/Users/klaz/Documents/programs/symmetrical-octo-barnacle/node_modules/react-test-renderer/cjs/react-test-renderer.development.js:15455:5)
    at _callee3$ (/Users/klaz/Documents/programs/symmetrical-octo-barnacle/__tests__/withFetching.spec.js:54:39)
    at tryCatch (/Users/klaz/Documents/programs/symmetrical-octo-barnacle/node_modules/@babel/runtime/node_modules/regenerator-runtime/runtime.js:63:40)
    at Generator.invoke [as _invoke] (/Users/klaz/Documents/programs/symmetrical-octo-barnacle/node_modules/@babel/runtime/node_modules/regenerator-runtime/runtime.js:294:22)
    at Generator.next (/Users/klaz/Documents/programs/symmetrical-octo-barnacle/node_modules/@babel/runtime/node_modules/regenerator-runtime/runtime.js:119:21)
    at tryCatch (/Users/klaz/Documents/programs/symmetrical-octo-barnacle/node_modules/@babel/runtime/node_modules/regenerator-runtime/runtime.js:63:40)
    at invoke (/Users/klaz/Documents/programs/symmetrical-octo-barnacle/node_modules/@babel/runtime/node_modules/regenerator-runtime/runtime.js:155:20)
    at /Users/klaz/Documents/programs/symmetrical-octo-barnacle/node_modules/@babel/runtime/node_modules/regenerator-runtime/runtime.js:190:11</failure>
    </testcase>
  </testsuite>
  <testsuite name="withValidation HOC" errors="0" failures="3" skipped="0" timestamp="2021-09-13T16:57:21" time="0.336" tests="3">
    <testcase classname="withValidation HOC" name="passes validateOnChange as a prop to validate changing input" time="0.005">
      <failure>TypeError: Cannot read property &apos;current&apos; of undefined
    at warnIfNotScopedWithMatchingAct (/Users/klaz/Documents/programs/symmetrical-octo-barnacle/node_modules/react-test-renderer/cjs/react-test-renderer.development.js:13713:31)
    at updateContainer (/Users/klaz/Documents/programs/symmetrical-octo-barnacle/node_modules/react-test-renderer/cjs/react-test-renderer.development.js:14706:7)
    at Object.create (/Users/klaz/Documents/programs/symmetrical-octo-barnacle/node_modules/react-test-renderer/cjs/react-test-renderer.development.js:15455:5)
    at _callee$ (/Users/klaz/Documents/programs/symmetrical-octo-barnacle/__tests__/withValidation.spec.js:16:39)
    at tryCatch (/Users/klaz/Documents/programs/symmetrical-octo-barnacle/node_modules/@babel/runtime/node_modules/regenerator-runtime/runtime.js:63:40)
    at Generator.invoke [as _invoke] (/Users/klaz/Documents/programs/symmetrical-octo-barnacle/node_modules/@babel/runtime/node_modules/regenerator-runtime/runtime.js:294:22)
    at Generator.next (/Users/klaz/Documents/programs/symmetrical-octo-barnacle/node_modules/@babel/runtime/node_modules/regenerator-runtime/runtime.js:119:21)
    at tryCatch (/Users/klaz/Documents/programs/symmetrical-octo-barnacle/node_modules/@babel/runtime/node_modules/regenerator-runtime/runtime.js:63:40)
    at invoke (/Users/klaz/Documents/programs/symmetrical-octo-barnacle/node_modules/@babel/runtime/node_modules/regenerator-runtime/runtime.js:155:20)
    at /Users/klaz/Documents/programs/symmetrical-octo-barnacle/node_modules/@babel/runtime/node_modules/regenerator-runtime/runtime.js:190:11</failure>
    </testcase>
    <testcase classname="withValidation HOC" name="passes list of errors after validation" time="0.001">
      <failure>TypeError: Cannot read property &apos;current&apos; of undefined
    at warnIfNotScopedWithMatchingAct (/Users/klaz/Documents/programs/symmetrical-octo-barnacle/node_modules/react-test-renderer/cjs/react-test-renderer.development.js:13713:31)
    at updateContainer (/Users/klaz/Documents/programs/symmetrical-octo-barnacle/node_modules/react-test-renderer/cjs/react-test-renderer.development.js:14706:7)
    at Object.create (/Users/klaz/Documents/programs/symmetrical-octo-barnacle/node_modules/react-test-renderer/cjs/react-test-renderer.development.js:15455:5)
    at _callee2$ (/Users/klaz/Documents/programs/symmetrical-octo-barnacle/__tests__/withValidation.spec.js:27:39)
    at tryCatch (/Users/klaz/Documents/programs/symmetrical-octo-barnacle/node_modules/@babel/runtime/node_modules/regenerator-runtime/runtime.js:63:40)
    at Generator.invoke [as _invoke] (/Users/klaz/Documents/programs/symmetrical-octo-barnacle/node_modules/@babel/runtime/node_modules/regenerator-runtime/runtime.js:294:22)
    at Generator.next (/Users/klaz/Documents/programs/symmetrical-octo-barnacle/node_modules/@babel/runtime/node_modules/regenerator-runtime/runtime.js:119:21)
    at tryCatch (/Users/klaz/Documents/programs/symmetrical-octo-barnacle/node_modules/@babel/runtime/node_modules/regenerator-runtime/runtime.js:63:40)
    at invoke (/Users/klaz/Documents/programs/symmetrical-octo-barnacle/node_modules/@babel/runtime/node_modules/regenerator-runtime/runtime.js:155:20)
    at /Users/klaz/Documents/programs/symmetrical-octo-barnacle/node_modules/@babel/runtime/node_modules/regenerator-runtime/runtime.js:190:11</failure>
    </testcase>
    <testcase classname="withValidation HOC" name="notifies of changing input along with validation status" time="0.001">
      <failure>TypeError: Cannot read property &apos;current&apos; of undefined
    at warnIfNotScopedWithMatchingAct (/Users/klaz/Documents/programs/symmetrical-octo-barnacle/node_modules/react-test-renderer/cjs/react-test-renderer.development.js:13713:31)
    at updateContainer (/Users/klaz/Documents/programs/symmetrical-octo-barnacle/node_modules/react-test-renderer/cjs/react-test-renderer.development.js:14706:7)
    at Object.create (/Users/klaz/Documents/programs/symmetrical-octo-barnacle/node_modules/react-test-renderer/cjs/react-test-renderer.development.js:15455:5)
    at _callee3$ (/Users/klaz/Documents/programs/symmetrical-octo-barnacle/__tests__/withValidation.spec.js:46:39)
    at tryCatch (/Users/klaz/Documents/programs/symmetrical-octo-barnacle/node_modules/@babel/runtime/node_modules/regenerator-runtime/runtime.js:63:40)
    at Generator.invoke [as _invoke] (/Users/klaz/Documents/programs/symmetrical-octo-barnacle/node_modules/@babel/runtime/node_modules/regenerator-runtime/runtime.js:294:22)
    at Generator.next (/Users/klaz/Documents/programs/symmetrical-octo-barnacle/node_modules/@babel/runtime/node_modules/regenerator-runtime/runtime.js:119:21)
    at tryCatch (/Users/klaz/Documents/programs/symmetrical-octo-barnacle/node_modules/@babel/runtime/node_modules/regenerator-runtime/runtime.js:63:40)
    at invoke (/Users/klaz/Documents/programs/symmetrical-octo-barnacle/node_modules/@babel/runtime/node_modules/regenerator-runtime/runtime.js:155:20)
    at /Users/klaz/Documents/programs/symmetrical-octo-barnacle/node_modules/@babel/runtime/node_modules/regenerator-runtime/runtime.js:190:11</failure>
    </testcase>
  </testsuite>
  <testsuite name="Candidate Service" errors="0" failures="1" skipped="0" timestamp="2021-09-13T16:57:18" time="3.707" tests="5">
    <testcase classname="Candidate Service" name="initially has no candidates" time="0.006">
    </testcase>
    <testcase classname="Candidate Service" name="allows to add new candidate and returns it in response" time="0.003">
    </testcase>
    <testcase classname="Candidate Service" name="allows to update candidate and returns it in response" time="0.005">
      <failure>Error: expect(received).toEqual(expected) // deep equality

Expected: {&quot;avatarUrl&quot;: &quot;avatar_url_3&quot;, &quot;city&quot;: &quot;Paris&quot;, &quot;country&quot;: &quot;France&quot;, &quot;email&quot;: &quot;adamus.nowakus@gmail.com&quot;, &quot;id&quot;: &quot;2&quot;, &quot;name&quot;: &quot;Adamus&quot;, &quot;surname&quot;: &quot;Nowakus&quot;}
Received: undefined
    at _callee3$ (/Users/klaz/Documents/programs/symmetrical-octo-barnacle/__tests__/CandidateService.spec.js:102:36)
    at tryCatch (/Users/klaz/Documents/programs/symmetrical-octo-barnacle/node_modules/@babel/runtime/node_modules/regenerator-runtime/runtime.js:63:40)
    at Generator.invoke [as _invoke] (/Users/klaz/Documents/programs/symmetrical-octo-barnacle/node_modules/@babel/runtime/node_modules/regenerator-runtime/runtime.js:294:22)
    at Generator.next (/Users/klaz/Documents/programs/symmetrical-octo-barnacle/node_modules/@babel/runtime/node_modules/regenerator-runtime/runtime.js:119:21)
    at tryCatch (/Users/klaz/Documents/programs/symmetrical-octo-barnacle/node_modules/@babel/runtime/node_modules/regenerator-runtime/runtime.js:63:40)
    at invoke (/Users/klaz/Documents/programs/symmetrical-octo-barnacle/node_modules/@babel/runtime/node_modules/regenerator-runtime/runtime.js:155:20)
    at /Users/klaz/Documents/programs/symmetrical-octo-barnacle/node_modules/@babel/runtime/node_modules/regenerator-runtime/runtime.js:165:13
    at tryCallOne (/Users/klaz/Documents/programs/symmetrical-octo-barnacle/node_modules/promise/lib/core.js:37:12)
    at /Users/klaz/Documents/programs/symmetrical-octo-barnacle/node_modules/promise/lib/core.js:123:15
    at flush (/Users/klaz/Documents/programs/symmetrical-octo-barnacle/node_modules/asap/raw.js:50:29)</failure>
    </testcase>
    <testcase classname="Candidate Service" name="allows to fetch candidate details" time="0.001">
    </testcase>
    <testcase classname="Candidate Service" name="allows to remove candidates" time="0.013">
    </testcase>
  </testsuite>
  <testsuite name="CandidateProfileScreen" errors="0" failures="1" skipped="0" timestamp="2021-09-13T16:57:18" time="3.887" tests="1">
    <testcase classname="CandidateProfileScreen" name="renders correctly" time="0.007">
      <failure>TypeError: Cannot read property &apos;current&apos; of undefined
    at warnIfNotScopedWithMatchingAct (/Users/klaz/Documents/programs/symmetrical-octo-barnacle/node_modules/react-test-renderer/cjs/react-test-renderer.development.js:13713:31)
    at updateContainer (/Users/klaz/Documents/programs/symmetrical-octo-barnacle/node_modules/react-test-renderer/cjs/react-test-renderer.development.js:14706:7)
    at Object.create (/Users/klaz/Documents/programs/symmetrical-octo-barnacle/node_modules/react-test-renderer/cjs/react-test-renderer.development.js:15455:5)
    at Object.&lt;anonymous&gt; (/Users/klaz/Documents/programs/symmetrical-octo-barnacle/__tests__/CandidateProfileScreen.spec.js:17:27)
    at Object.asyncJestTest (/Users/klaz/Documents/programs/symmetrical-octo-barnacle/node_modules/@jest/core/node_modules/jest-jasmine2/build/jasmineAsyncInstall.js:102:37)
    at /Users/klaz/Documents/programs/symmetrical-octo-barnacle/node_modules/@jest/core/node_modules/jest-jasmine2/build/queueRunner.js:43:12
    at new Promise (&lt;anonymous&gt;)
    at mapper (/Users/klaz/Documents/programs/symmetrical-octo-barnacle/node_modules/@jest/core/node_modules/jest-jasmine2/build/queueRunner.js:26:19)
    at /Users/klaz/Documents/programs/symmetrical-octo-barnacle/node_modules/@jest/core/node_modules/jest-jasmine2/build/queueRunner.js:73:41
    at processTicksAndRejections (node:internal/process/task_queues:94:5)</failure>
    </testcase>
  </testsuite>
</testsuites>